<?xml version="1.0" encoding="UTF-8"?>
<!-- Generated by org.testng.reporters.JUnitReportReporter -->
<testsuite skipped="0" hostname="DESKTOP-8CBT80G" name="com.mindtree.runner.TestRunner" tests="3" failures="0" timestamp="2021-11-09T12:46:30 IST" time="32.623" errors="0">
  <testcase name="runScenario" time="16.309" classname="com.mindtree.runner.TestRunner"/>
  <testcase name="runScenario" time="5.833" classname="com.mindtree.runner.TestRunner"/>
  <testcase name="runScenario" time="10.481" classname="com.mindtree.runner.TestRunner"/>
</testsuite> <!-- com.mindtree.runner.TestRunner -->
